[debug] [2021-04-16T07:56:36.254Z] ----------------------------------------------------------------------
[debug] [2021-04-16T07:56:36.256Z] Command:       C:\Program Files\nodejs\node.exe C:\Users\jeeva\AppData\Roaming\npm\node_modules\firebase-tools\lib\bin\firebase.js init
[debug] [2021-04-16T07:56:36.256Z] CLI Version:   9.10.0
[debug] [2021-04-16T07:56:36.256Z] Platform:      win32
[debug] [2021-04-16T07:56:36.256Z] Node Version:  v14.16.1
[debug] [2021-04-16T07:56:36.257Z] Time:          Fri Apr 16 2021 11:56:36 GMT+0400 (Gulf Standard Time)
[debug] [2021-04-16T07:56:36.257Z] ----------------------------------------------------------------------
[debug] 
[debug] [2021-04-16T07:56:36.264Z] > command requires scopes: ["email","openid","https://www.googleapis.com/auth/cloudplatformprojects.readonly","https://www.googleapis.com/auth/firebase","https://www.googleapis.com/auth/cloud-platform"]
[debug] [2021-04-16T07:56:36.264Z] > authorizing via signed-in user (jeevansandhu1@gmail.com)
[info] 
     ######## #### ########  ######## ########     ###     ######  ########
     ##        ##  ##     ## ##       ##     ##  ##   ##  ##       ##
     ######    ##  ########  ######   ########  #########  ######  ######
     ##        ##  ##    ##  ##       ##     ## ##     ##       ## ##
     ##       #### ##     ## ######## ########  ##     ##  ######  ########

You're about to initialize a Firebase project in this directory:

  C:\Users\jeeva\AppData\Roaming\Factorio\script-output\FactorioMaps\new_attempt

[info] 
=== Project Setup
[info] 
[info] First, let's associate this project directory with a Firebase project.
[info] You can create multiple project aliases by running firebase use --add, 
[info] but for now we'll just set up a default project.
[info] 
[debug] [2021-04-16T07:56:59.319Z] >>> [apiv2][query] GET https://firebase.googleapis.com/v1beta1/projects pageSize=100
[debug] [2021-04-16T07:57:00.064Z] <<< [apiv2][status] GET https://firebase.googleapis.com/v1beta1/projects 200
[debug] [2021-04-16T07:57:00.064Z] <<< [apiv2][body] GET https://firebase.googleapis.com/v1beta1/projects [omitted]
[info] i  Using project factoriomaps-3d1bc (FactorioMaps) 
[info] 
=== Hosting Setup
[info] 
[info] Your public directory is the folder (relative to your project directory) that
[info] will contain Hosting assets to be uploaded with firebase deploy. If you
[info] have a build process for your assets, use your build's output directory.
[info] 
